<?xml version="1.0" encoding="UTF-8"?>
<!-- Generated by org.testng.reporters.JUnitReportReporter -->
<testsuite hostname="DESKTOP-QAIJH9G" failures="0" tests="2" name="regressionTest.ServiceTestRegression" time="1.995" errors="0" timestamp="2023-03-15T18:40:09 BDT" skipped="0">
  <testcase classname="regressionTest.ServiceTestRegression" name="getAPI" time="0.072"/>
  <system-out/>
  <testcase classname="regressionTest.ServiceTestRegression" name="LoginTest" time="1.923"/>
  <system-out/>
</testsuite> <!-- regressionTest.ServiceTestRegression -->
