<?xml version="1.0" encoding="UTF-8"?>
<!-- Generated by org.testng.reporters.JUnitReportReporter -->
<testsuite hostname="DESKTOP-QAIJH9G" failures="0" tests="1" name="ServiceTestRegression" time="1.228" errors="0" timestamp="2023-03-05T16:48:14 BDT" skipped="0">
  <testcase classname="ServiceTestRegression" name="LoginTest" time="1.228"/>
  <system-out/>
</testsuite> <!-- ServiceTestRegression -->
